<?xml version="1.0" encoding="UTF-8"?>
<!-- Generated by org.testng.reporters.JUnitReportReporter -->
<testsuite hostname="BLR002355" name="Academy.validateNavigationBar" tests="1" failures="0" timestamp="20 Jan 2020 04:32:42 GMT" time="0.076" errors="0">
  <testcase name="navigationBar" time="0.076" classname="Academy.validateNavigationBar"/>
</testsuite> <!-- Academy.validateNavigationBar -->
