<?xml version="1.0" encoding="UTF-8"?>
<!-- Generated by org.testng.reporters.JUnitReportReporter -->
<testsuite hostname="BLR002355" name="Academy.HomePage" tests="2" failures="0" timestamp="20 Jan 2020 04:32:42 GMT" time="27.779" errors="0">
  <testcase name="basePageNavigation" time="6.889" classname="Academy.HomePage"/>
  <testcase name="basePageNavigation" time="20.890" classname="Academy.HomePage"/>
</testsuite> <!-- Academy.HomePage -->
