<?xml version="1.0" encoding="UTF-8"?>
<!-- Generated by org.testng.reporters.JUnitReportReporter -->
<testsuite hostname="BLR002355" failures="0" tests="2" name="Academy.validateTitle" time="0.308" errors="0" timestamp="26 Jan 2020 09:35:49 GMT">
  <testcase classname="Academy.validateTitle" name="headerValidation" time="0.173"/>
  <testcase classname="Academy.validateTitle" name="titleValidation" time="0.135"/>
</testsuite> <!-- Academy.validateTitle -->
