<?xml version="1.0" encoding="UTF-8"?>
<!-- Generated by org.testng.reporters.JUnitReportReporter -->
<testsuite hostname="BLR002355" failures="0" tests="2" name="Academy.HomePage" time="17.402" errors="0" timestamp="26 Jan 2020 09:35:49 GMT">
  <testcase classname="Academy.HomePage" name="basePageNavigation" time="5.687"/>
  <testcase classname="Academy.HomePage" name="basePageNavigation" time="11.715"/>
</testsuite> <!-- Academy.HomePage -->
