<?xml version="1.0" encoding="UTF-8"?>
<!-- Generated by org.testng.reporters.JUnitReportReporter -->
<testsuite hostname="BLR002355" failures="0" tests="1" name="Academy.validateNavigationBar" time="0.273" errors="0" timestamp="26 Jan 2020 09:35:49 GMT">
  <testcase classname="Academy.validateNavigationBar" name="navigationBar" time="0.273"/>
</testsuite> <!-- Academy.validateNavigationBar -->
