<?xml version="1.0" encoding="UTF-8"?>
<!-- Generated by org.testng.reporters.JUnitReportReporter -->
<testsuite hostname="BLR002355" failures="0" tests="1" name="cucumberOptions.TestRunner" time="28.628" errors="0" timestamp="26 Jan 2020 12:20:34 GMT">
  <testcase classname="cucumberOptions.TestRunner" name="feature" time="28.628"/>
</testsuite> <!-- cucumberOptions.TestRunner -->
